> Task :generateGrammarSource UP-TO-DATE
> Task :compileJava
> Task :processResources NO-SOURCE
> Task :classes

> Task :Main.main()
FUNC void main()
{
INT %x = (5 + (7 * 3))
%x := 7
}

; Target
target triple = "x86_64-unknown-linux-gnu"
; External declaration of the printf function
declare i32 @printf(i8* noalias nocapture, ...)
declare i32 @scanf(i8* noalias nocapture, ...)

; Actual code begins



define void @main() {
  %x = alloca i32
  %tmp1 = mul i32 7, 3
  %tmp2 = add i32 5, %tmp1
  store i32 %tmp2, i32* %x
  store i32 7, i32* %x
  ret void 
}


Deprecated Gradle features were used in this build, making it incompatible with Gradle 7.0.
Use '--warning-mode all' to show the individual deprecation warnings.
See https://docs.gradle.org/6.6/userguide/command_line_interface.html#sec:command_line_warnings

BUILD SUCCESSFUL in 897ms
3 actionable tasks: 2 executed, 1 up-to-date
